1538961123685	geckodriver	INFO	geckodriver 0.20.1
1538961123810	geckodriver	INFO	Listening on 127.0.0.1:50077
1538961124751	mozrunner::runner	INFO	Running command: "/Applications/Firefox.app/Contents/MacOS/firefox-bin" "-marionette" "-profile" "/var/folders/1w/rqc2xp6s5l35r5j0szf3r_7c0000gn/T/rust_mozprofile.Rfr23s1Y5WKk"
2018-10-07 20:12:08.494 plugin-container[33939:10187512] *** CFMessagePort: bootstrap_register(): failed 1100 (0x44c) 'Permission denied', port = 0x7443, name = 'com.apple.tsm.portname'
See /usr/include/servers/bootstrap_defs.h for the error codes.
2018-10-07 20:12:09.070 plugin-container[33940:10187548] *** CFMessagePort: bootstrap_register(): failed 1100 (0x44c) 'Permission denied', port = 0x8837, name = 'com.apple.tsm.portname'
See /usr/include/servers/bootstrap_defs.h for the error codes.
1538961129673	Marionette	INFO	Listening on port 50086
1538961129746	Marionette	WARN	TLS certificate errors will be ignored for this session
1538961129951	Marionette	DEBUG	[4294967297] Frame script loaded
1538961129955	Marionette	DEBUG	[4294967297] Frame script registered
1538961130132	Marionette	DEBUG	[4294967297] Received DOM event beforeunload for about:blank
1538961130380	Marionette	DEBUG	[4294967297] Received DOM event pagehide for about:blank
2018-10-07 20:12:11.205 plugin-container[33943:10187681] *** CFMessagePort: bootstrap_register(): failed 1100 (0x44c) 'Permission denied', port = 0x7643, name = 'com.apple.tsm.portname'
See /usr/include/servers/bootstrap_defs.h for the error codes.
1538961131806	Marionette	DEBUG	[4294967297] Received DOM event DOMContentLoaded for http://localhost:8000/
1538961132424	Marionette	DEBUG	[4294967297] Received DOM event pageshow for http://localhost:8000/
1538961132571	Marionette	DEBUG	[4294967297] Received DOM event popstate for http://localhost:8000/#
1538961132655	Marionette	INFO	Stopped listening on port 50086
1538961133849	geckodriver	INFO	geckodriver 0.20.1
1538961133994	geckodriver	INFO	Listening on 127.0.0.1:50206
1538961134885	mozrunner::runner	INFO	Running command: "/Applications/Firefox.app/Contents/MacOS/firefox-bin" "-marionette" "-profile" "/var/folders/1w/rqc2xp6s5l35r5j0szf3r_7c0000gn/T/rust_mozprofile.Yl6hAzEVZPmx"
2018-10-07 20:12:16.746 plugin-container[33959:10187897] *** CFMessagePort: bootstrap_register(): failed 1100 (0x44c) 'Permission denied', port = 0x853f, name = 'com.apple.tsm.portname'
See /usr/include/servers/bootstrap_defs.h for the error codes.
2018-10-07 20:12:17.152 plugin-container[33960:10187924] *** CFMessagePort: bootstrap_register(): failed 1100 (0x44c) 'Permission denied', port = 0x8a03, name = 'com.apple.tsm.portname'
See /usr/include/servers/bootstrap_defs.h for the error codes.
1538961137495	Marionette	INFO	Listening on port 50215
1538961137565	Marionette	WARN	TLS certificate errors will be ignored for this session
1538961137642	Marionette	DEBUG	[4294967297] Frame script loaded
1538961137644	Marionette	DEBUG	[4294967297] Frame script registered
1538961137700	Marionette	DEBUG	[4294967297] Received DOM event beforeunload for about:blank
1538961137782	Marionette	DEBUG	[4294967297] Received DOM event pagehide for about:blank
1538961138468	Marionette	DEBUG	[4294967297] Received DOM event DOMContentLoaded for http://localhost:8000/
2018-10-07 20:12:18.553 plugin-container[33962:10188160] *** CFMessagePort: bootstrap_register(): failed 1100 (0x44c) 'Permission denied', port = 0x9243, name = 'com.apple.tsm.portname'
See /usr/include/servers/bootstrap_defs.h for the error codes.
1538961138793	Marionette	DEBUG	[4294967297] Received DOM event pageshow for http://localhost:8000/
1538961138878	Marionette	INFO	Stopped listening on port 50215
1538961138924	addons.xpi	WARN	Exception running bootstrap method shutdown on activity-stream@mozilla.org: TypeError: setting getter-only property "_currentSearchHostname" (resource://activity-stream/lib/TopSitesFeed.jsm:86:5) JS Stack trace: uninit@TopSitesFeed.jsm:86:5
onAction@TopSitesFeed.jsm:707:9
_middleware/</<@Store.jsm:51:11
Store/this[method]@Store.jsm:29:55
uninit@Store.jsm:170:7
uninit@ActivityStream.jsm:363:5
uninit@resource://gre/modules/addons/XPIProvider.jsm -> jar:file:///Applications/Firefox.app/Contents/Resources/browser/features/activity-stream@bootstrap.js:86:5
shutdown@resource://gre/modules/addons/XPIProvider.jsm -> jar:file:///Applications/Firefox.app/Contents/Resources/browser/features/activity-stream@bootstrap.js:194:3
callBootstrapMethod@XPIProvider.jsm:1588:20
_shutdown@XPIProvider.jsm:1724:12
observe@AsyncShutdown.jsm:541:9
GeckoDriver.prototype.quit@driver.js:3319:3
despatch@server.js:297:20
execute@server.js:271:11
onPacket/<@server.js:246:15
onPacket@server.js:245:8
_onJSONObjectReady/<@transport.js:500:9
1538961139624	geckodriver	INFO	geckodriver 0.20.1
1538961139743	geckodriver	INFO	Listening on 127.0.0.1:50288
1538961140642	mozrunner::runner	INFO	Running command: "/Applications/Firefox.app/Contents/MacOS/firefox-bin" "-marionette" "-profile" "/var/folders/1w/rqc2xp6s5l35r5j0szf3r_7c0000gn/T/rust_mozprofile.hPiUssaukj6L"
2018-10-07 20:12:22.840 plugin-container[33968:10188727] *** CFMessagePort: bootstrap_register(): failed 1100 (0x44c) 'Permission denied', port = 0x893f, name = 'com.apple.tsm.portname'
See /usr/include/servers/bootstrap_defs.h for the error codes.
2018-10-07 20:12:23.544 plugin-container[33969:10188784] *** CFMessagePort: bootstrap_register(): failed 1100 (0x44c) 'Permission denied', port = 0x8507, name = 'com.apple.tsm.portname'
See /usr/include/servers/bootstrap_defs.h for the error codes.
1538961144222	Marionette	INFO	Listening on port 50297
1538961144270	Marionette	WARN	TLS certificate errors will be ignored for this session
1538961144366	Marionette	DEBUG	[4294967297] Frame script loaded
1538961144376	Marionette	DEBUG	[4294967297] Frame script registered
2018-10-07 20:12:24.422 plugin-container[33971:10188998] *** CFMessagePort: bootstrap_register(): failed 1100 (0x44c) 'Permission denied', port = 0x8d3f, name = 'com.apple.tsm.portname'
See /usr/include/servers/bootstrap_defs.h for the error codes.
1538961144431	Marionette	DEBUG	[4294967297] Received DOM event beforeunload for about:blank
1538961144517	Marionette	DEBUG	[4294967297] Received DOM event pagehide for about:blank
1538961145126	Marionette	DEBUG	[4294967297] Received DOM event DOMContentLoaded for http://localhost:8000/
1538961145389	Marionette	DEBUG	[4294967297] Received DOM event pageshow for http://localhost:8000/
1538961147416	Marionette	INFO	Stopped listening on port 50297
